app/build/intermediates/manifest_merge_blame_file/debug/manifest-merger-blame-debug-report.txt
1<?xml version="1.0" encoding="utf-8"?>
2<manifest xmlns:android="http://schemas.android.com/apk/res/android"
3    package="com.mxlapps.app.gearspopguide"
4    android:versionCode="1"
5    android:versionName="0.0.1" >
6
7    <uses-sdk
8        android:maxSdkVersion="28"
8-->src/main/AndroidManifest.xml
9        android:minSdkVersion="21"
9-->src/main/AndroidManifest.xml
10        android:targetSdkVersion="28" />
10-->src/main/AndroidManifest.xml
11
12    <uses-permission android:name="android.permission.INTERNET" />
12-->src/main/AndroidManifest.xml:5:5-67
12-->src/main/AndroidManifest.xml:5:22-64
13    <uses-permission android:name="android.permission.ACCESS_NETWORK_STATE" />
13-->src/main/AndroidManifest.xml:6:5-79
13-->src/main/AndroidManifest.xml:6:22-76
14    <uses-permission android:name="android.permission.SYSTEM_ALERT_WINDOW" />
14-->src/main/AndroidManifest.xml:7:5-78
14-->src/main/AndroidManifest.xml:7:22-75
15    <uses-permission android:name="android.permission.WAKE_LOCK" />
15-->[com.google.android.gms:play-services-measurement:17.2.0] AndroidManifest.xml:25:5-68
15-->[com.google.android.gms:play-services-measurement:17.2.0] AndroidManifest.xml:25:22-65
16    <uses-permission android:name="com.google.android.finsky.permission.BIND_GET_INSTALL_REFERRER_SERVICE" /> <!-- Required by older versions of Google Play services to create IID tokens -->
16-->[com.google.android.gms:play-services-measurement:17.2.0] AndroidManifest.xml:26:5-110
16-->[com.google.android.gms:play-services-measurement:17.2.0] AndroidManifest.xml:26:22-107
17    <uses-permission android:name="com.google.android.c2dm.permission.RECEIVE" />
17-->[com.google.firebase:firebase-iid:19.0.0] AndroidManifest.xml:26:5-82
17-->[com.google.firebase:firebase-iid:19.0.0] AndroidManifest.xml:26:22-79
18
19    <application
19-->src/main/AndroidManifest.xml:9:5-60:19
20        android:name="com.mxlapps.app.gearspopguide.Utils.GlobalApplication"
20-->src/main/AndroidManifest.xml:10:9-77
21        android:allowBackup="true"
21-->src/main/AndroidManifest.xml:11:9-35
22        android:appComponentFactory="androidx.core.app.CoreComponentFactory"
22-->[androidx.core:core:1.1.0] AndroidManifest.xml:24:18-86
23        android:configChanges="keyboardHidden|orientation"
23-->src/main/AndroidManifest.xml:12:9-59
24        android:debuggable="true"
25        android:hardwareAccelerated="false"
25-->src/main/AndroidManifest.xml:13:9-44
26        android:icon="@mipmap/ic_launcher"
26-->src/main/AndroidManifest.xml:14:9-43
27        android:label="@string/app_name"
27-->src/main/AndroidManifest.xml:15:9-41
28        android:largeHeap="true"
28-->src/main/AndroidManifest.xml:16:9-33
29        android:roundIcon="@mipmap/ic_launcher_round"
29-->src/main/AndroidManifest.xml:17:9-54
30        android:supportsRtl="true"
30-->src/main/AndroidManifest.xml:18:9-35
31        android:theme="@style/AppTheme" >
31-->src/main/AndroidManifest.xml:19:9-40
32        <activity
32-->src/main/AndroidManifest.xml:20:9-30:20
33            android:name="com.mxlapps.app.gearspopguide.Views.TierPinsListActivity"
33-->src/main/AndroidManifest.xml:21:13-84
34            android:launchMode="singleTop"
34-->src/main/AndroidManifest.xml:22:13-43
35            android:screenOrientation="portrait"
35-->src/main/AndroidManifest.xml:23:13-49
36            android:theme="@style/AppTheme.Launcher" >
36-->src/main/AndroidManifest.xml:24:13-53
37            <intent-filter>
37-->src/main/AndroidManifest.xml:25:13-29:29
38                <action android:name="android.intent.action.MAIN" />
38-->src/main/AndroidManifest.xml:26:17-69
38-->src/main/AndroidManifest.xml:26:25-66
39
40                <category android:name="android.intent.category.LAUNCHER" />
40-->src/main/AndroidManifest.xml:28:17-77
40-->src/main/AndroidManifest.xml:28:27-74
41            </intent-filter>
42        </activity>
43        <activity android:name="com.mxlapps.app.gearspopguide.Views.AboutUsActivity" />
43-->src/main/AndroidManifest.xml:31:9-88
43-->src/main/AndroidManifest.xml:31:19-85
44
45        <meta-data
45-->src/main/AndroidManifest.xml:33:9-35:70
46            android:name="com.google.android.gms.ads.APPLICATION_ID"
46-->src/main/AndroidManifest.xml:34:13-69
47            android:value="ca-app-pub-3940256099942544~3347511713" />
47-->src/main/AndroidManifest.xml:35:13-67
48        <meta-data
48-->src/main/AndroidManifest.xml:36:9-38:57
49            android:name="preloaded_fonts"
49-->src/main/AndroidManifest.xml:37:13-43
50            android:resource="@array/preloaded_fonts" />
50-->src/main/AndroidManifest.xml:38:13-54
51        <meta-data
51-->src/main/AndroidManifest.xml:39:9-41:55
52            android:name="com.facebook.sdk.ApplicationId"
52-->src/main/AndroidManifest.xml:40:13-58
53            android:value="@string/facebook_app_id" />
53-->src/main/AndroidManifest.xml:41:13-52
54
55        <activity
55-->src/main/AndroidManifest.xml:43:9-46:48
56            android:name="com.facebook.FacebookActivity"
56-->src/main/AndroidManifest.xml:44:13-57
57            android:configChanges="keyboard|keyboardHidden|screenLayout|screenSize|orientation"
57-->src/main/AndroidManifest.xml:45:13-96
58            android:label="@string/app_name"
58-->src/main/AndroidManifest.xml:46:13-45
59            android:theme="@style/com_facebook_activity_theme" />
59-->[com.facebook.android:facebook-common:4.42.0] AndroidManifest.xml:32:13-63
60        <activity
60-->src/main/AndroidManifest.xml:47:9-58:20
61            android:name="com.facebook.CustomTabActivity"
61-->src/main/AndroidManifest.xml:48:13-58
62            android:exported="true" >
62-->src/main/AndroidManifest.xml:49:13-36
63            <intent-filter>
63-->src/main/AndroidManifest.xml:50:13-57:29
64                <action android:name="android.intent.action.VIEW" />
64-->src/main/AndroidManifest.xml:51:17-69
64-->src/main/AndroidManifest.xml:51:25-66
65
66                <category android:name="android.intent.category.DEFAULT" />
66-->src/main/AndroidManifest.xml:53:17-76
66-->src/main/AndroidManifest.xml:53:27-73
67                <category android:name="android.intent.category.BROWSABLE" />
67-->src/main/AndroidManifest.xml:54:17-78
67-->src/main/AndroidManifest.xml:54:27-75
68
69                <data android:scheme="@string/fb_login_protocol_scheme" />
69-->src/main/AndroidManifest.xml:56:17-75
69-->src/main/AndroidManifest.xml:56:23-72
70            </intent-filter>
71        </activity>
72        <activity android:name="com.facebook.CustomTabMainActivity" />
72-->[com.facebook.android:facebook-common:4.42.0] AndroidManifest.xml:33:9-71
72-->[com.facebook.android:facebook-common:4.42.0] AndroidManifest.xml:33:19-68
73
74        <provider
74-->[com.squareup.picasso:picasso:2.71828] AndroidManifest.xml:8:9-11:40
75            android:name="com.squareup.picasso.PicassoProvider"
75-->[com.squareup.picasso:picasso:2.71828] AndroidManifest.xml:9:13-64
76            android:authorities="com.mxlapps.app.gearspopguide.com.squareup.picasso"
76-->[com.squareup.picasso:picasso:2.71828] AndroidManifest.xml:10:13-72
77            android:exported="false" />
77-->[com.squareup.picasso:picasso:2.71828] AndroidManifest.xml:11:13-37
78
79        <activity
79-->[com.google.android.gms:play-services-auth:17.0.0] AndroidManifest.xml:23:9-27:75
80            android:name="com.google.android.gms.auth.api.signin.internal.SignInHubActivity"
80-->[com.google.android.gms:play-services-auth:17.0.0] AndroidManifest.xml:24:13-93
81            android:excludeFromRecents="true"
81-->[com.google.android.gms:play-services-auth:17.0.0] AndroidManifest.xml:25:13-46
82            android:exported="false"
82-->[com.google.android.gms:play-services-auth:17.0.0] AndroidManifest.xml:26:13-37
83            android:theme="@android:style/Theme.Translucent.NoTitleBar" />
83-->[com.google.android.gms:play-services-auth:17.0.0] AndroidManifest.xml:27:13-72
84        <!--
85            Service handling Google Sign-In user revocation. For apps that do not integrate with
86            Google Sign-In, this service will never be started.
87        -->
88        <service
88-->[com.google.android.gms:play-services-auth:17.0.0] AndroidManifest.xml:33:9-36:110
89            android:name="com.google.android.gms.auth.api.signin.RevocationBoundService"
89-->[com.google.android.gms:play-services-auth:17.0.0] AndroidManifest.xml:34:13-89
90            android:exported="true"
90-->[com.google.android.gms:play-services-auth:17.0.0] AndroidManifest.xml:35:13-36
91            android:permission="com.google.android.gms.auth.api.signin.permission.REVOCATION_NOTIFICATION" />
91-->[com.google.android.gms:play-services-auth:17.0.0] AndroidManifest.xml:36:13-107
92        <service
92-->[com.google.firebase:firebase-database:19.1.0] AndroidManifest.xml:29:9-35:19
93            android:name="com.google.firebase.components.ComponentDiscoveryService"
93-->[com.google.firebase:firebase-database:19.1.0] AndroidManifest.xml:30:13-84
94            android:directBootAware="true"
94-->[com.google.firebase:firebase-common:19.1.0] AndroidManifest.xml:14:13-43
95            android:exported="false" >
95-->[com.google.firebase:firebase-database:19.1.0] AndroidManifest.xml:31:13-37
96            <meta-data
96-->[com.google.firebase:firebase-database:19.1.0] AndroidManifest.xml:32:13-34:85
97                android:name="com.google.firebase.components:com.google.firebase.database.DatabaseRegistrar"
97-->[com.google.firebase:firebase-database:19.1.0] AndroidManifest.xml:33:17-109
98                android:value="com.google.firebase.components.ComponentRegistrar" />
98-->[com.google.firebase:firebase-database:19.1.0] AndroidManifest.xml:34:17-82
99            <meta-data
99-->[com.google.android.gms:play-services-measurement-api:17.2.0] AndroidManifest.xml:30:13-32:85
100                android:name="com.google.firebase.components:com.google.firebase.analytics.connector.internal.AnalyticsConnectorRegistrar"
100-->[com.google.android.gms:play-services-measurement-api:17.2.0] AndroidManifest.xml:31:17-139
101                android:value="com.google.firebase.components.ComponentRegistrar" />
101-->[com.google.android.gms:play-services-measurement-api:17.2.0] AndroidManifest.xml:32:17-82
102            <meta-data
102-->[com.google.firebase:firebase-iid:19.0.0] AndroidManifest.xml:32:13-34:85
103                android:name="com.google.firebase.components:com.google.firebase.iid.Registrar"
103-->[com.google.firebase:firebase-iid:19.0.0] AndroidManifest.xml:33:17-96
104                android:value="com.google.firebase.components.ComponentRegistrar" />
104-->[com.google.firebase:firebase-iid:19.0.0] AndroidManifest.xml:34:17-82
105        </service>
106
107        <provider
107-->[com.crashlytics.sdk.android:crashlytics:2.10.1] AndroidManifest.xml:19:9-23:38
108            android:name="com.crashlytics.android.CrashlyticsInitProvider"
108-->[com.crashlytics.sdk.android:crashlytics:2.10.1] AndroidManifest.xml:20:13-75
109            android:authorities="com.mxlapps.app.gearspopguide.crashlyticsinitprovider"
109-->[com.crashlytics.sdk.android:crashlytics:2.10.1] AndroidManifest.xml:21:13-75
110            android:exported="false"
110-->[com.crashlytics.sdk.android:crashlytics:2.10.1] AndroidManifest.xml:22:13-37
111            android:initOrder="90" />
111-->[com.crashlytics.sdk.android:crashlytics:2.10.1] AndroidManifest.xml:23:13-35
112        <provider
112-->[androidx.lifecycle:lifecycle-process:2.1.0] AndroidManifest.xml:23:9-27:43
113            android:name="androidx.lifecycle.ProcessLifecycleOwnerInitializer"
113-->[androidx.lifecycle:lifecycle-process:2.1.0] AndroidManifest.xml:24:13-79
114            android:authorities="com.mxlapps.app.gearspopguide.lifecycle-process"
114-->[androidx.lifecycle:lifecycle-process:2.1.0] AndroidManifest.xml:25:13-69
115            android:exported="false"
115-->[androidx.lifecycle:lifecycle-process:2.1.0] AndroidManifest.xml:26:13-37
116            android:multiprocess="true" /> <!-- Include the AdActivity and InAppPurchaseActivity configChanges and themes. -->
116-->[androidx.lifecycle:lifecycle-process:2.1.0] AndroidManifest.xml:27:13-40
117        <activity
117-->[com.google.android.gms:play-services-ads-lite:18.2.0] AndroidManifest.xml:29:9-33:64
118            android:name="com.google.android.gms.ads.AdActivity"
118-->[com.google.android.gms:play-services-ads-lite:18.2.0] AndroidManifest.xml:30:13-65
119            android:configChanges="keyboard|keyboardHidden|orientation|screenLayout|uiMode|screenSize|smallestScreenSize"
119-->[com.google.android.gms:play-services-ads-lite:18.2.0] AndroidManifest.xml:31:13-122
120            android:exported="false"
120-->[com.google.android.gms:play-services-ads-lite:18.2.0] AndroidManifest.xml:32:13-37
121            android:theme="@android:style/Theme.Translucent" />
121-->[com.google.android.gms:play-services-ads-lite:18.2.0] AndroidManifest.xml:33:13-61
122
123        <provider
123-->[com.google.android.gms:play-services-ads-lite:18.2.0] AndroidManifest.xml:35:9-39:39
124            android:name="com.google.android.gms.ads.MobileAdsInitProvider"
124-->[com.google.android.gms:play-services-ads-lite:18.2.0] AndroidManifest.xml:36:13-76
125            android:authorities="com.mxlapps.app.gearspopguide.mobileadsinitprovider"
125-->[com.google.android.gms:play-services-ads-lite:18.2.0] AndroidManifest.xml:37:13-73
126            android:exported="false"
126-->[com.google.android.gms:play-services-ads-lite:18.2.0] AndroidManifest.xml:38:13-37
127            android:initOrder="100" />
127-->[com.google.android.gms:play-services-ads-lite:18.2.0] AndroidManifest.xml:39:13-36
128
129        <receiver
129-->[com.google.android.gms:play-services-measurement:17.2.0] AndroidManifest.xml:29:9-33:20
130            android:name="com.google.android.gms.measurement.AppMeasurementReceiver"
130-->[com.google.android.gms:play-services-measurement:17.2.0] AndroidManifest.xml:30:13-85
131            android:enabled="true"
131-->[com.google.android.gms:play-services-measurement:17.2.0] AndroidManifest.xml:31:13-35
132            android:exported="false" >
132-->[com.google.android.gms:play-services-measurement:17.2.0] AndroidManifest.xml:32:13-37
133        </receiver>
134        <receiver
134-->[com.google.android.gms:play-services-measurement:17.2.0] AndroidManifest.xml:34:9-42:20
135            android:name="com.google.android.gms.measurement.AppMeasurementInstallReferrerReceiver"
135-->[com.google.android.gms:play-services-measurement:17.2.0] AndroidManifest.xml:35:13-100
136            android:enabled="true"
136-->[com.google.android.gms:play-services-measurement:17.2.0] AndroidManifest.xml:36:13-35
137            android:exported="true"
137-->[com.google.android.gms:play-services-measurement:17.2.0] AndroidManifest.xml:37:13-36
138            android:permission="android.permission.INSTALL_PACKAGES" >
138-->[com.google.android.gms:play-services-measurement:17.2.0] AndroidManifest.xml:38:13-69
139            <intent-filter>
139-->[com.google.android.gms:play-services-measurement:17.2.0] AndroidManifest.xml:39:13-41:29
140                <action android:name="com.android.vending.INSTALL_REFERRER" />
140-->[com.google.android.gms:play-services-measurement:17.2.0] AndroidManifest.xml:40:17-79
140-->[com.google.android.gms:play-services-measurement:17.2.0] AndroidManifest.xml:40:25-76
141            </intent-filter>
142        </receiver>
143
144        <service
144-->[com.google.android.gms:play-services-measurement:17.2.0] AndroidManifest.xml:44:9-47:40
145            android:name="com.google.android.gms.measurement.AppMeasurementService"
145-->[com.google.android.gms:play-services-measurement:17.2.0] AndroidManifest.xml:45:13-84
146            android:enabled="true"
146-->[com.google.android.gms:play-services-measurement:17.2.0] AndroidManifest.xml:46:13-35
147            android:exported="false" />
147-->[com.google.android.gms:play-services-measurement:17.2.0] AndroidManifest.xml:47:13-37
148        <service
148-->[com.google.android.gms:play-services-measurement:17.2.0] AndroidManifest.xml:48:9-52:72
149            android:name="com.google.android.gms.measurement.AppMeasurementJobService"
149-->[com.google.android.gms:play-services-measurement:17.2.0] AndroidManifest.xml:49:13-87
150            android:enabled="true"
150-->[com.google.android.gms:play-services-measurement:17.2.0] AndroidManifest.xml:50:13-35
151            android:exported="false"
151-->[com.google.android.gms:play-services-measurement:17.2.0] AndroidManifest.xml:51:13-37
152            android:permission="android.permission.BIND_JOB_SERVICE" />
152-->[com.google.android.gms:play-services-measurement:17.2.0] AndroidManifest.xml:52:13-69
153
154        <receiver
154-->[com.google.firebase:firebase-iid:19.0.0] AndroidManifest.xml:37:9-44:20
155            android:name="com.google.firebase.iid.FirebaseInstanceIdReceiver"
155-->[com.google.firebase:firebase-iid:19.0.0] AndroidManifest.xml:38:13-78
156            android:exported="true"
156-->[com.google.firebase:firebase-iid:19.0.0] AndroidManifest.xml:39:13-36
157            android:permission="com.google.android.c2dm.permission.SEND" >
157-->[com.google.firebase:firebase-iid:19.0.0] AndroidManifest.xml:40:13-73
158            <intent-filter>
158-->[com.google.firebase:firebase-iid:19.0.0] AndroidManifest.xml:41:13-43:29
159                <action android:name="com.google.android.c2dm.intent.RECEIVE" />
159-->[com.google.firebase:firebase-iid:19.0.0] AndroidManifest.xml:42:17-81
159-->[com.google.firebase:firebase-iid:19.0.0] AndroidManifest.xml:42:25-78
160            </intent-filter>
161        </receiver>
162
163        <activity
163-->[com.google.android.gms:play-services-base:17.0.0] AndroidManifest.xml:23:9-26:75
164            android:name="com.google.android.gms.common.api.GoogleApiActivity"
164-->[com.google.android.gms:play-services-base:17.0.0] AndroidManifest.xml:24:13-79
165            android:exported="false"
165-->[com.google.android.gms:play-services-base:17.0.0] AndroidManifest.xml:25:13-37
166            android:theme="@android:style/Theme.Translucent.NoTitleBar" />
166-->[com.google.android.gms:play-services-base:17.0.0] AndroidManifest.xml:26:13-72
167
168        <provider
168-->[com.google.firebase:firebase-common:19.1.0] AndroidManifest.xml:17:9-21:39
169            android:name="com.google.firebase.provider.FirebaseInitProvider"
169-->[com.google.firebase:firebase-common:19.1.0] AndroidManifest.xml:18:13-77
170            android:authorities="com.mxlapps.app.gearspopguide.firebaseinitprovider"
170-->[com.google.firebase:firebase-common:19.1.0] AndroidManifest.xml:19:13-72
171            android:exported="false"
171-->[com.google.firebase:firebase-common:19.1.0] AndroidManifest.xml:20:13-37
172            android:initOrder="100" />
172-->[com.google.firebase:firebase-common:19.1.0] AndroidManifest.xml:21:13-36
173
174        <meta-data
174-->[com.google.android.gms:play-services-basement:17.0.0] AndroidManifest.xml:23:9-25:69
175            android:name="com.google.android.gms.version"
175-->[com.google.android.gms:play-services-basement:17.0.0] AndroidManifest.xml:24:13-58
176            android:value="@integer/google_play_services_version" />
176-->[com.google.android.gms:play-services-basement:17.0.0] AndroidManifest.xml:25:13-66
177        <!--
178         The initialization ContentProvider will call FacebookSdk.sdkInitialize automatically
179         with the application context. This config is merged in with the host app's manifest,
180         but there can only be one provider with the same authority activated at any given
181         point; so if the end user has two or more different apps that use Facebook SDK, only the
182         first one will be able to use the provider. To work around this problem, we use the
183         following placeholder in the authority to identify each host application as if it was
184         a completely different provider.
185        -->
186        <provider
186-->[com.facebook.android:facebook-core:4.42.0] AndroidManifest.xml:39:9-42:40
187            android:name="com.facebook.internal.FacebookInitProvider"
187-->[com.facebook.android:facebook-core:4.42.0] AndroidManifest.xml:40:13-70
188            android:authorities="com.mxlapps.app.gearspopguide.FacebookInitProvider"
188-->[com.facebook.android:facebook-core:4.42.0] AndroidManifest.xml:41:13-72
189            android:exported="false" />
189-->[com.facebook.android:facebook-core:4.42.0] AndroidManifest.xml:42:13-37
190
191        <receiver
191-->[com.facebook.android:facebook-core:4.42.0] AndroidManifest.xml:44:9-50:20
192            android:name="com.facebook.CurrentAccessTokenExpirationBroadcastReceiver"
192-->[com.facebook.android:facebook-core:4.42.0] AndroidManifest.xml:45:13-86
193            android:exported="false" >
193-->[com.facebook.android:facebook-core:4.42.0] AndroidManifest.xml:46:13-37
194            <intent-filter>
194-->[com.facebook.android:facebook-core:4.42.0] AndroidManifest.xml:47:13-49:29
195                <action android:name="com.facebook.sdk.ACTION_CURRENT_ACCESS_TOKEN_CHANGED" />
195-->[com.facebook.android:facebook-core:4.42.0] AndroidManifest.xml:48:17-95
195-->[com.facebook.android:facebook-core:4.42.0] AndroidManifest.xml:48:25-92
196            </intent-filter>
197        </receiver>
198    </application>
199
200</manifest>